build/app/outputs/mapping/release/seeds.txt
com.example.jogo_mobile_app.MainActivity
com.example.jogo_mobile_app.MainActivity: MainActivity()
...
androidx.core.view.ViewCompat$Api19Impl: int getAccessibilityLiveRegion(android.view.View)
androidx.appcompat.app.AlertController$RecycleListView: AlertController$RecycleListView(android.content.Context,android.util.AttributeSet)
androidx.core.view.WindowInsetsCompat$Impl20: boolean isRound()
androidx.media.AudioAttributesImplBaseParcelizer: AudioAttributesImplBaseParcelizer()
com.google.android.material.floatingactionbutton.FloatingActionButton$Behavior: FloatingActionButton$Behavior(android.content.Context,android.util.AttributeSet)
androidx.appcompat.widget.ActivityChooserView$InnerLayout: ActivityChooserView$InnerLayout(android.content.Context,android.util.AttributeSet)
com.google.android.material.floatingactionbutton.FloatingActionButton: void setImageResource(int)
androidx.core.app.NotificationCompatBuilder$Api31Impl: android.app.Notification$Action$Builder setAuthenticationRequired(android.app.Notification$Action$Builder,boolean)
androidx.appcompat.widget.ActionBarContextView: void setSubtitle(java.lang.CharSequence)
androidx.window.layout.ExtensionsWindowLayoutInfoAdapter: androidx.window.layout.WindowLayoutInfo translate$window_release(android.app.Activity,androidx.window.extensions.layout.WindowLayoutInfo)
com.google.android.material.textfield.TextInputLayout: void setBoxBackgroundMode(int)
androidx.appcompat.widget.Toolbar: void setCollapsible(boolean)
androidx.window.layout.SidecarWindowBackend$Companion: androidx.window.layout.SidecarWindowBackend getInstance(android.content.Context)
com.google.android.gms.common.internal.GmsClientSupervisor: GmsClientSupervisor()
androidx.core.view.WindowInsetsCompat$Impl20: androidx.core.graphics.Insets getVisibleInsets(android.view.View)
androidx.core.view.WindowInsetsCompat$BuilderImpl: void setSystemGestureInsets(androidx.core.graphics.Insets)
com.google.android.material.floatingactionbutton.FloatingActionButton: void setBackgroundResource(int)
com.google.android.material.bottomappbar.BottomAppBar$Behavior: BottomAppBar$Behavior()
com.amolg.flutterbarcodescanner.BarcodeCaptureActivity$SCAN_MODE_ENUM: com.amolg.flutterbarcodescanner.BarcodeCaptureActivity$SCAN_MODE_ENUM[] values()
androidx.core.view.AccessibilityDelegateCompat$Api16Impl: boolean performAccessibilityAction(android.view.View$AccessibilityDelegate,android.view.View,int,android.os.Bundle)
com.google.android.material.textfield.TextInputLayout: void setEndIconContentDescription(int)
androidx.window.layout.SidecarAdapter$Companion: SidecarAdapter$Companion()
androidx.core.view.WindowInsetsCompat$BuilderImpl: androidx.core.view.WindowInsetsCompat build()
androidx.vectordrawable.graphics.drawable.VectorDrawableCompat$VGroup: float getPivotY()
androidx.window.layout.WindowMetricsCalculator$Companion$overrideDecorator$1: WindowMetricsCalculator$Companion$overrideDecorator$1(java.lang.Object)
androidx.core.view.ViewCompat$Api26Impl: void setAutofillHints(android.view.View,java.lang.String[])
androidx.window.layout.WindowMetricsCalculator$Companion$overrideDecorator$1: androidx.window.layout.WindowMetricsCalculator invoke(androidx.window.layout.WindowMetricsCalculator)
androidx.window.embedding.SplitRule: SplitRule()
com.google.android.gms.internal.vision.zzjb: zzjb()
com.google.android.gms.internal.vision.zzfi$zzi: zzfi$zzi()
androidx.window.java.layout.WindowInfoTrackerCallbackAdapter: WindowInfoTrackerCallbackAdapter(androidx.window.layout.WindowInfoTracker)
androidx.appcompat.widget.SearchView: androidx.cursoradapter.widget.CursorAdapter getSuggestionsAdapter()
com.google.android.gms.internal.clearcut.zzge$zzs: zzge$zzs()
androidx.core.app.AppOpsManagerCompat$Api23Impl: int noteProxyOp(android.app.AppOpsManager,java.lang.String,java.lang.String)
com.google.android.material.bottomappbar.BottomAppBar: android.content.res.ColorStateList getBackgroundTint()
kotlinx.coroutines.MainCoroutineDispatcher: MainCoroutineDispatcher()
com.google.android.material.chip.Chip: void setCheckedIconEnabledResource(int)