build/app/outputs/mapping/release/mapping.txt
# compiler: R8
# compiler_version: 3.3.70
# min_api: 16
# common_typos_disable
# {"id":"com.android.tools.r8.mapping","version":"2.0"}
# pg_map_id: f1482bf
# pg_map_hash: SHA-256 f1482bf6416cb54508e9c6ab69119308c080493e01ee4ead30dda71ae0d56651
...
androidx.core.view.ViewCompat$4 -> androidx.core.view.u0$d:
    java.lang.Object frameworkGet(android.view.View) -> d
    void frameworkSet(android.view.View,java.lang.Object) -> e
    boolean shouldUpdate(java.lang.Object,java.lang.Object) -> h
    java.lang.Boolean frameworkGet(android.view.View) -> i
    void frameworkSet(android.view.View,java.lang.Boolean) -> j
    boolean shouldUpdate(java.lang.Boolean,java.lang.Boolean) -> k
androidx.core.view.ViewCompat$AccessibilityPaneVisibilityManager -> androidx.core.view.u0$e:
    java.util.WeakHashMap mPanesToVisible -> e
    void checkPaneVisibility(android.view.View,boolean) -> a
    void registerForLayoutCallback(android.view.View) -> b
androidx.core.view.ViewCompat$AccessibilityViewProperty -> androidx.core.view.u0$f:
    int mContentChangeType -> d
    java.lang.Class mType -> b
    int mFrameworkMinimumSdk -> c
    int mTagKey -> a
    boolean booleanNullToFalseEquals(java.lang.Boolean,java.lang.Boolean) -> a
    boolean extrasAvailable() -> b
    boolean frameworkAvailable() -> c
    java.lang.Object frameworkGet(android.view.View) -> d
    void frameworkSet(android.view.View,java.lang.Object) -> e
    java.lang.Object get(android.view.View) -> f
    void set(android.view.View,java.lang.Object) -> g
    boolean shouldUpdate(java.lang.Object,java.lang.Object) -> h
androidx.core.view.ViewCompat$Api15Impl -> androidx.core.view.u0$g:
    boolean hasOnClickListeners(android.view.View) -> a
androidx.core.view.ViewCompat$Api16Impl -> androidx.core.view.u0$h:
    android.view.accessibility.AccessibilityNodeProvider getAccessibilityNodeProvider(android.view.View) -> a
    boolean getFitsSystemWindows(android.view.View) -> b
    int getImportantForAccessibility(android.view.View) -> c
    int getMinimumHeight(android.view.View) -> d
    int getMinimumWidth(android.view.View) -> e
    android.view.ViewParent getParentForAccessibility(android.view.View) -> f
    int getWindowSystemUiVisibility(android.view.View) -> g
    boolean hasOverlappingRendering(android.view.View) -> h
    boolean hasTransientState(android.view.View) -> i
    boolean performAccessibilityAction(android.view.View,int,android.os.Bundle) -> j
    void postInvalidateOnAnimation(android.view.View) -> k
    void postInvalidateOnAnimation(android.view.View,int,int,int,int) -> l
    void postOnAnimation(android.view.View,java.lang.Runnable) -> m
    void postOnAnimationDelayed(android.view.View,java.lang.Runnable,long) -> n
    void removeOnGlobalLayoutListener(android.view.ViewTreeObserver,android.view.ViewTreeObserver$OnGlobalLayoutListener) -> o
    void requestFitSystemWindows(android.view.View) -> p
    void setBackground(android.view.View,android.graphics.drawable.Drawable) -> q
    void setHasTransientState(android.view.View,boolean) -> r
    void setImportantForAccessibility(android.view.View,int) -> s
androidx.core.view.ViewCompat$Api17Impl -> androidx.core.view.u0$i:
    int generateViewId() -> a
    android.view.Display getDisplay(android.view.View) -> b
    int getLabelFor(android.view.View) -> c
    int getLayoutDirection(android.view.View) -> d
    int getPaddingEnd(android.view.View) -> e
    int getPaddingStart(android.view.View) -> f
    boolean isPaddingRelative(android.view.View) -> g
    void setLabelFor(android.view.View,int) -> h
    void setLayerPaint(android.view.View,android.graphics.Paint) -> i
    void setLayoutDirection(android.view.View,int) -> j
    void setPaddingRelative(android.view.View,int,int,int,int) -> k
androidx.core.view.ViewCompat$Api17Impl$$ExternalSyntheticApiModelOutline0 -> androidx.core.view.v0:
# {"id":"sourceFile","fileName":"R8$$SyntheticClass"}
# {"id":"com.android.tools.r8.synthesized"}
    int androidx.core.view.ViewCompat$Api17Impl$$InternalSyntheticApiModelOutline$1$00b5086c383e094eb2aef5df9e6aa0034b221d3fae3ee34a50d3dcbc9b3f2a7a$0.m(android.view.View) -> a
      # {"id":"com.android.tools.r8.synthesized"}